# JRE version: OpenJDK Runtime Environment (8.0_181-b13) (build 1.8.0_181-8u181-b13-1ubuntu0.16.04.1-b13)
# Java VM: OpenJDK 64-Bit Server VM (25.181-b13 mixed mode linux-amd64 compressed oops)
Heap:
 PSYoungGen      total 485888K, used 60904K [0x00000000d5580000, 0x00000000f7c80000, 0x0000000100000000)
  eden space 416768K, 12% used [0x00000000d5580000,0x00000000d88fd8d8,0x00000000eec80000)
  from space 69120K, 11% used [0x00000000f3300000,0x00000000f3afc8f0,0x00000000f7680000)
  to   space 72192K, 0% used [0x00000000eec80000,0x00000000eec80000,0x00000000f3300000)
 ParOldGen       total 169472K, used 169081K [0x0000000080000000, 0x000000008a580000, 0x00000000d5580000)
  object space 169472K, 99% used [0x0000000080000000,0x000000008a51e728,0x000000008a580000)
 Metaspace       used 41961K, capacity 42369K, committed 42752K, reserved 1087488K
  class space    used 5127K, capacity 5273K, committed 5376K, reserved 1048576K
GC Heap History (10 events):
Event: 85,572 GC heap before
{Heap before GC invocations=29 (full 4):
 PSYoungGen      total 364544K, used 359184K [0x00000000d5580000, 0x00000000ee880000, 0x0000000100000000)
  eden space 330240K, 100% used [0x00000000d5580000,0x00000000e9800000,0x00000000e9800000)
  from space 34304K, 84% used [0x00000000ebd00000,0x00000000ed9440e0,0x00000000ede80000)
  to   space 37888K, 0% used [0x00000000e9800000,0x00000000e9800000,0x00000000ebd00000)
 ParOldGen       total 169472K, used 105851K [0x0000000080000000, 0x000000008a580000, 0x00000000d5580000)
  object space 169472K, 62% used [0x0000000080000000,0x000000008675ee08,0x000000008a580000)
 Metaspace       used 37908K, capacity 38251K, committed 38784K, reserved 1083392K
  class space    used 4759K, capacity 4870K, committed 4992K, reserved 1048576K
Event: 85,719 GC heap after
Heap after GC invocations=29 (full 4):
 PSYoungGen      total 368128K, used 34933K [0x00000000d5580000, 0x00000000f1a80000, 0x0000000100000000)
  eden space 330240K, 0% used [0x00000000d5580000,0x00000000d5580000,0x00000000e9800000)
  from space 37888K, 92% used [0x00000000e9800000,0x00000000eba1d620,0x00000000ebd00000)
  to   space 42496K, 0% used [0x00000000ef100000,0x00000000ef100000,0x00000000f1a80000)
 ParOldGen       total 169472K, used 105859K [0x0000000080000000, 0x000000008a580000, 0x00000000d5580000)
  object space 169472K, 62% used [0x0000000080000000,0x0000000086760e08,0x000000008a580000)
 Metaspace       used 37908K, capacity 38251K, committed 38784K, reserved 1083392K
  class space    used 4759K, capacity 4870K, committed 4992K, reserved 1048576K
}
Event: 91,999 GC heap before
{Heap before GC invocations=30 (full 4):
 PSYoungGen      total 368128K, used 365173K [0x00000000d5580000, 0x00000000f1a80000, 0x0000000100000000)
  eden space 330240K, 100% used [0x00000000d5580000,0x00000000e9800000,0x00000000e9800000)
  from space 37888K, 92% used [0x00000000e9800000,0x00000000eba1d620,0x00000000ebd00000)
  to   space 42496K, 0% used [0x00000000ef100000,0x00000000ef100000,0x00000000f1a80000)
 ParOldGen       total 169472K, used 105859K [0x0000000080000000, 0x000000008a580000, 0x00000000d5580000)
  object space 169472K, 62% used [0x0000000080000000,0x0000000086760e08,0x000000008a580000)
 Metaspace       used 38486K, capacity 38795K, committed 39296K, reserved 1083392K
  class space    used 4786K, capacity 4902K, committed 4992K, reserved 1048576K
Event: 92,139 GC heap after
Heap after GC invocations=30 (full 4):
 PSYoungGen      total 409088K, used 42487K [0x00000000d5580000, 0x00000000f1b80000, 0x0000000100000000)
  eden space 366592K, 0% used [0x00000000d5580000,0x00000000d5580000,0x00000000ebb80000)
  from space 42496K, 99% used [0x00000000ef100000,0x00000000f1a7dda0,0x00000000f1a80000)
  to   space 49152K, 0% used [0x00000000ebb80000,0x00000000ebb80000,0x00000000eeb80000)
 ParOldGen       total 169472K, used 106613K [0x0000000080000000, 0x000000008a580000, 0x00000000d5580000)
  object space 169472K, 62% used [0x0000000080000000,0x000000008681d540,0x000000008a580000)
 Metaspace       used 38486K, capacity 38795K, committed 39296K, reserved 1083392K
  class space    used 4786K, capacity 4902K, committed 4992K, reserved 1048576K
}
Event: 95,099 GC heap before
{Heap before GC invocations=31 (full 4):
 PSYoungGen      total 409088K, used 409079K [0x00000000d5580000, 0x00000000f1b80000, 0x0000000100000000)
  eden space 366592K, 100% used [0x00000000d5580000,0x00000000ebb80000,0x00000000ebb80000)
  from space 42496K, 99% used [0x00000000ef100000,0x00000000f1a7dda0,0x00000000f1a80000)
  to   space 49152K, 0% used [0x00000000ebb80000,0x00000000ebb80000,0x00000000eeb80000)
 ParOldGen       total 169472K, used 106613K [0x0000000080000000, 0x000000008a580000, 0x00000000d5580000)
  object space 169472K, 62% used [0x0000000080000000,0x000000008681d540,0x000000008a580000)
 Metaspace       used 38537K, capacity 38859K, committed 39296K, reserved 1083392K
  class space    used 4787K, capacity 4902K, committed 4992K, reserved 1048576K
Event: 95,337 GC heap after
Heap after GC invocations=31 (full 4):
 PSYoungGen      total 415744K, used 49146K [0x00000000d5580000, 0x00000000f7680000, 0x0000000100000000)
  eden space 366592K, 0% used [0x00000000d5580000,0x00000000d5580000,0x00000000ebb80000)
  from space 49152K, 99% used [0x00000000ebb80000,0x00000000eeb7eb20,0x00000000eeb80000)
  to   space 69120K, 0% used [0x00000000f3300000,0x00000000f3300000,0x00000000f7680000)
 ParOldGen       total 169472K, used 139028K [0x0000000080000000, 0x000000008a580000, 0x00000000d5580000)
  object space 169472K, 82% used [0x0000000080000000,0x00000000887c5010,0x000000008a580000)
 Metaspace       used 38537K, capacity 38859K, committed 39296K, reserved 1083392K
  class space    used 4787K, capacity 4902K, committed 4992K, reserved 1048576K
}
Event: 98,431 GC heap before
{Heap before GC invocations=32 (full 4):
 PSYoungGen      total 415744K, used 357785K [0x00000000d5580000, 0x00000000f7680000, 0x0000000100000000)
  eden space 366592K, 84% used [0x00000000d5580000,0x00000000e82e7aa0,0x00000000ebb80000)
  from space 49152K, 99% used [0x00000000ebb80000,0x00000000eeb7eb20,0x00000000eeb80000)
  to   space 69120K, 0% used [0x00000000f3300000,0x00000000f3300000,0x00000000f7680000)
 ParOldGen       total 169472K, used 139028K [0x0000000080000000, 0x000000008a580000, 0x00000000d5580000)
  object space 169472K, 82% used [0x0000000080000000,0x00000000887c5010,0x000000008a580000)
 Metaspace       used 40352K, capacity 40757K, committed 41344K, reserved 1085440K
  class space    used 4982K, capacity 5143K, committed 5248K, reserved 1048576K
Event: 100,227 GC heap after
Heap after GC invocations=32 (full 4):
 PSYoungGen      total 485888K, used 46183K [0x00000000d5580000, 0x00000000f7c80000, 0x0000000100000000)
  eden space 416768K, 0% used [0x00000000d5580000,0x00000000d5580000,0x00000000eec80000)
  from space 69120K, 66% used [0x00000000f3300000,0x00000000f6019d38,0x00000000f7680000)
  to   space 72192K, 0% used [0x00000000eec80000,0x00000000eec80000,0x00000000f3300000)
 ParOldGen       total 169472K, used 154428K [0x0000000080000000, 0x000000008a580000, 0x00000000d5580000)
  object space 169472K, 91% used [0x0000000080000000,0x00000000896cf170,0x000000008a580000)
 Metaspace       used 40352K, capacity 40757K, committed 41344K, reserved 1085440K
  class space    used 4982K, capacity 5143K, committed 5248K, reserved 1048576K
}
Event: 100,336 GC heap before
{Heap before GC invocations=33 (full 5):
 PSYoungGen      total 485888K, used 46183K [0x00000000d5580000, 0x00000000f7c80000, 0x0000000100000000)
  eden space 416768K, 0% used [0x00000000d5580000,0x00000000d5580000,0x00000000eec80000)
  from space 69120K, 66% used [0x00000000f3300000,0x00000000f6019d38,0x00000000f7680000)
  to   space 72192K, 0% used [0x00000000eec80000,0x00000000eec80000,0x00000000f3300000)
 ParOldGen       total 169472K, used 154428K [0x0000000080000000, 0x000000008a580000, 0x00000000d5580000)
  object space 169472K, 91% used [0x0000000080000000,0x00000000896cf170,0x000000008a580000)
 Metaspace       used 40352K, capacity 40757K, committed 41344K, reserved 1085440K
  class space    used 4982K, capacity 5143K, committed 5248K, reserved 1048576K
Event: 102,275 GC heap after
Heap after GC invocations=33 (full 5):
 PSYoungGen      total 485888K, used 8178K [0x00000000d5580000, 0x00000000f7c80000, 0x0000000100000000)
  eden space 416768K, 0% used [0x00000000d5580000,0x00000000d5580000,0x00000000eec80000)
  from space 69120K, 11% used [0x00000000f3300000,0x00000000f3afc8f0,0x00000000f7680000)
  to   space 72192K, 0% used [0x00000000eec80000,0x00000000eec80000,0x00000000f3300000)
 ParOldGen       total 169472K, used 169081K [0x0000000080000000, 0x000000008a580000, 0x00000000d5580000)
  object space 169472K, 99% used [0x0000000080000000,0x000000008a51e728,0x000000008a580000)
 Metaspace       used 40352K, capacity 40757K, committed 41344K, reserved 1085440K
  class space    used 4982K, capacity 5143K, committed 5248K, reserved 1048576K
}

